TN:
SF:src/components/FilterComponent.js
FN:4,FilterComponent
FN:4,onFilterChange
FNF:2
FNH:1
FNDA:1,FilterComponent
FNDA:0,onFilterChange
DA:1,1
DA:2,1
DA:3,1
DA:4,1
DA:5,1
DA:6,1
DA:7,1
DA:8,1
DA:9,1
DA:10,1
DA:11,1
DA:12,1
DA:13,1
DA:14,1
DA:15,1
LF:15
LH:15
BRDA:4,0,0,1
BRDA:9,1,0,3
BRF:2
BRH:2
end_of_record
TN:
SF:src/components/OrderComponent.js
FN:4,OrderComponent
FN:4,onOrderChange
FNF:2
FNH:1
FNDA:1,OrderComponent
FNDA:0,onOrderChange
DA:1,1
DA:2,1
DA:3,1
DA:4,1
DA:5,1
DA:6,1
DA:7,1
DA:8,1
DA:9,2
DA:10,2
DA:11,2
DA:12,2
DA:13,2
DA:14,2
DA:15,2
DA:16,2
DA:17,2
DA:18,1
DA:19,1
DA:20,1
DA:21,1
DA:22,1
DA:23,1
DA:24,1
LF:24
LH:24
BRDA:4,0,0,1
BRDA:8,1,0,2
BRF:2
BRH:2
end_of_record
TN:
SF:src/components/PaginationComponent.js
FN:4,PaginationComponent
FN:5,renderPageButtons
FN:10,onClick
FN:21,onClick
FN:25,onClick
FNF:5
FNH:5
FNDA:1,PaginationComponent
FNDA:1,renderPageButtons
FNDA:1,onClick
FNDA:1,onClick
FNDA:1,onClick
DA:1,1
DA:2,1
DA:3,1
DA:4,1
DA:5,1
DA:6,1
DA:7,1
DA:8,1
DA:9,5
DA:10,5
DA:11,5
DA:12,5
DA:13,5
DA:14,5
DA:15,5
DA:16,5
DA:17,1
DA:18,1
DA:19,1
DA:20,1
DA:21,1
DA:22,1
DA:23,1
DA:24,1
DA:25,1
DA:26,1
DA:27,1
DA:28,1
DA:29,1
DA:30,1
DA:31,1
DA:32,1
LF:32
LH:32
BRDA:4,0,0,1
BRDA:5,1,0,1
BRDA:8,2,0,5
BRDA:10,3,0,1
BRDA:10,4,0,4
BRDA:10,5,0,1
BRDA:10,6,0,4
BRDA:10,7,0,1
BRDA:21,8,0,1
BRDA:25,9,0,1
BRF:10
BRH:10
end_of_record
TN:
SF:src/components/SortComponent.js
FN:4,SortComponent
FN:4,onSortItemChange
FNF:2
FNH:1
FNDA:1,SortComponent
FNDA:0,onSortItemChange
DA:1,1
DA:2,1
DA:3,1
DA:4,1
DA:5,1
DA:6,1
DA:7,1
DA:8,1
DA:9,1
DA:10,1
DA:11,1
DA:12,1
DA:13,1
DA:14,1
LF:14
LH:14
BRDA:4,0,0,1
BRDA:8,1,0,3
BRF:2
BRH:2
end_of_record
TN:
SF:src/components/TableComponent.js
FN:4,TableHeader
FN:16,TableItem
FNF:2
FNH:2
FNDA:1,TableHeader
FNDA:1,TableItem
DA:1,1
DA:2,1
DA:3,1
DA:4,1
DA:5,1
DA:6,1
DA:7,1
DA:8,1
DA:9,1
DA:10,1
DA:11,1
DA:12,1
DA:13,1
DA:14,1
DA:15,1
DA:16,1
DA:17,1
DA:18,1
DA:19,1
DA:20,1
DA:21,1
DA:22,1
DA:23,1
DA:24,1
DA:25,1
DA:26,1
LF:26
LH:26
BRDA:4,0,0,1
BRDA:16,1,0,1
BRF:2
BRH:2
end_of_record
TN:
SF:src/pages/auth/login/index.js
FN:9,LoginComponent
FN:17,handleChange
FN:22,handleSubmit
FNF:3
FNH:3
FNDA:5,LoginComponent
FNDA:2,handleChange
FNDA:1,handleSubmit
DA:1,1
DA:2,1
DA:3,1
DA:4,1
DA:5,1
DA:6,1
DA:7,1
DA:8,1
DA:9,1
DA:10,5
DA:11,5
DA:12,5
DA:13,5
DA:14,5
DA:15,5
DA:16,5
DA:17,5
DA:18,2
DA:19,2
DA:20,5
DA:21,5
DA:22,5
DA:23,1
DA:24,1
DA:25,1
DA:26,1
DA:27,0
DA:28,0
DA:29,0
DA:30,0
DA:31,1
DA:32,5
DA:33,5
DA:34,5
DA:35,5
DA:36,5
DA:37,5
DA:38,5
DA:39,5
DA:40,5
DA:41,5
DA:42,5
DA:43,5
DA:44,5
DA:45,5
DA:46,5
DA:47,5
DA:48,5
DA:49,5
DA:50,5
DA:51,5
DA:52,5
DA:53,5
DA:54,5
DA:55,5
DA:56,5
DA:57,5
DA:58,5
DA:59,5
DA:60,5
DA:61,5
DA:62,5
DA:63,5
DA:64,5
DA:65,5
DA:66,5
DA:67,5
DA:68,1
DA:69,1
LF:69
LH:65
BRDA:9,0,0,5
BRDA:17,1,0,2
BRDA:22,2,0,1
BRDA:25,3,0,0
BRDA:26,4,0,0
BRF:5
BRH:3
end_of_record
TN:
SF:src/pages/auth/register/index.js
FN:10,RegisterComponent
FN:22,handleChange
FN:27,handleSubmit
FNF:3
FNH:3
FNDA:9,RegisterComponent
FNDA:5,handleChange
FNDA:1,handleSubmit
DA:1,1
DA:2,1
DA:3,1
DA:4,1
DA:5,1
DA:6,1
DA:7,1
DA:8,1
DA:9,1
DA:10,1
DA:11,9
DA:12,9
DA:13,9
DA:14,9
DA:15,9
DA:16,9
DA:17,9
DA:18,9
DA:19,9
DA:20,9
DA:21,9
DA:22,9
DA:23,5
DA:24,5
DA:25,9
DA:26,9
DA:27,9
DA:28,1
DA:29,1
DA:30,1
DA:31,1
DA:32,1
DA:33,1
DA:34,1
DA:35,1
DA:36,1
DA:37,1
DA:38,1
DA:39,1
DA:40,1
DA:41,1
DA:42,0
DA:43,0
DA:44,1
DA:45,1
DA:46,1
DA:47,9
DA:48,9
DA:49,9
DA:50,9
DA:51,9
DA:52,9
DA:53,9
DA:54,9
DA:55,9
DA:56,9
DA:57,9
DA:58,9
DA:59,9
DA:60,9
DA:61,9
DA:62,9
DA:63,9
DA:64,9
DA:65,9
DA:66,9
DA:67,9
DA:68,9
DA:69,9
DA:70,9
DA:71,9
DA:72,9
DA:73,9
DA:74,9
DA:75,9
DA:76,9
DA:77,9
DA:78,9
DA:79,9
DA:80,9
DA:81,9
DA:82,9
DA:83,9
DA:84,9
DA:85,9
DA:86,9
DA:87,9
DA:88,9
DA:89,9
DA:90,9
DA:91,9
DA:92,9
DA:93,9
DA:94,9
DA:95,9
DA:96,9
DA:97,9
DA:98,9
DA:99,9
DA:100,9
DA:101,9
DA:102,9
DA:103,9
DA:104,9
DA:105,9
DA:106,9
DA:107,9
DA:108,9
DA:109,9
DA:110,9
DA:111,9
DA:112,9
DA:113,9
DA:114,9
DA:115,9
DA:116,1
DA:117,1
LF:117
LH:115
BRDA:10,0,0,9
BRDA:62,1,0,0
BRDA:73,2,0,0
BRDA:84,3,0,0
BRDA:95,4,0,0
BRDA:106,5,0,0
BRDA:22,6,0,5
BRDA:27,7,0,1
BRDA:40,8,0,0
BRDA:41,9,0,0
BRF:10
BRH:3
end_of_record
TN:
SF:src/states/auth/actions/index.js
FN:5,storeUser
FN:12,register
FN:24,login
FNF:3
FNH:3
FNDA:1,storeUser
FNDA:2,register
FNDA:2,login
DA:1,1
DA:2,1
DA:3,1
DA:4,1
DA:5,1
DA:6,1
DA:7,1
DA:8,1
DA:9,1
DA:10,1
DA:11,1
DA:12,1
DA:13,2
DA:14,2
DA:15,2
DA:16,1
DA:17,1
DA:18,1
DA:19,1
DA:20,1
DA:21,1
DA:22,2
DA:23,1
DA:24,1
DA:25,2
DA:26,2
DA:27,2
DA:28,1
DA:29,1
DA:30,1
DA:31,1
DA:32,1
DA:33,1
DA:34,2
LF:34
LH:34
BRDA:5,0,0,1
BRDA:12,1,0,2
BRDA:12,2,0,2
BRDA:15,3,0,1
BRDA:24,4,0,2
BRDA:24,5,0,2
BRDA:27,6,0,1
BRF:7
BRH:7
end_of_record
TN:
SF:src/states/auth/reducers/index.js
FN:7,_default
FNF:1
FNH:1
FNDA:10,_default
DA:1,1
DA:2,1
DA:3,1
DA:4,1
DA:5,1
DA:6,1
DA:7,1
DA:8,10
DA:9,10
DA:10,1
DA:11,1
DA:12,1
DA:13,1
DA:14,1
DA:15,10
DA:16,9
DA:17,10
DA:18,10
LF:18
LH:18
BRDA:7,0,0,10
BRDA:9,1,0,1
BRDA:15,2,0,9
BRF:3
BRH:3
end_of_record
TN:
SF:src/states/records/actions/index.js
FN:6,filterRecords
FN:13,getRecords
FNF:2
FNH:2
FNDA:1,filterRecords
FNDA:2,getRecords
DA:1,1
DA:2,1
DA:3,1
DA:4,1
DA:5,1
DA:6,1
DA:7,1
DA:8,1
DA:9,1
DA:10,1
DA:11,1
DA:12,1
DA:13,1
DA:14,2
DA:15,2
DA:16,2
DA:17,1
DA:18,1
DA:19,1
DA:20,1
DA:21,1
DA:22,1
DA:23,2
LF:23
LH:23
BRDA:6,0,0,1
BRDA:13,1,0,2
BRDA:13,2,0,2
BRDA:16,3,0,1
BRF:4
BRH:4
end_of_record
TN:
SF:src/states/records/reducers/index.js
FN:14,_default
FNF:1
FNH:1
FNDA:11,_default
DA:1,1
DA:2,1
DA:3,1
DA:4,1
DA:5,1
DA:6,1
DA:7,1
DA:8,1
DA:9,1
DA:10,1
DA:11,1
DA:12,1
DA:13,1
DA:14,1
DA:15,11
DA:16,11
DA:17,1
DA:18,1
DA:19,1
DA:20,1
DA:21,1
DA:22,1
DA:23,1
DA:24,1
DA:25,1
DA:26,1
DA:27,1
DA:28,1
DA:29,1
DA:30,1
DA:31,1
DA:32,11
DA:33,11
DA:34,1
DA:35,1
DA:36,1
DA:37,1
DA:38,1
DA:39,1
DA:40,1
DA:41,11
DA:42,9
DA:43,11
DA:44,11
LF:44
LH:44
BRDA:14,0,0,11
BRDA:16,1,0,1
BRDA:33,2,0,1
BRDA:41,3,0,9
BRDA:38,4,0,4
BRF:5
BRH:5
end_of_record
TN:
SF:src/utils/filterUtil.js
FN:1,filterByVehicle
FNF:1
FNH:1
FNDA:3,filterByVehicle
DA:1,1
DA:2,3
DA:3,3
DA:4,1
DA:5,1
LF:5
LH:5
BRDA:1,0,0,3
BRDA:2,1,0,1
BRDA:2,2,0,2
BRDA:2,3,0,7
BRF:4
BRH:4
end_of_record
TN:
SF:src/utils/formValidator.js
FN:1,formValidator
FNF:1
FNH:1
FNDA:4,formValidator
DA:1,1
DA:2,4
DA:3,4
DA:4,4
DA:5,4
DA:6,2
DA:7,2
DA:8,4
DA:9,1
DA:10,1
DA:11,4
DA:12,2
DA:13,2
DA:14,4
DA:15,2
DA:16,2
DA:17,4
DA:18,2
DA:19,2
DA:20,4
DA:21,4
DA:22,4
DA:23,1
DA:24,1
LF:24
LH:24
BRDA:1,0,0,4
BRDA:5,1,0,2
BRDA:8,2,0,1
BRDA:11,3,0,2
BRDA:14,4,0,2
BRDA:17,5,0,2
BRF:6
BRH:6
end_of_record
TN:
SF:src/utils/sortUtil.js
FN:1,sortByProperty
FNF:1
FNH:1
FNDA:4,sortByProperty
DA:1,1
DA:2,4
DA:3,14
DA:4,14
DA:5,14
DA:6,14
DA:7,3
DA:8,2
DA:9,14
DA:10,9
DA:11,4
DA:12,9
DA:13,2
DA:14,4
DA:15,4
DA:16,1
DA:17,1
LF:17
LH:17
BRDA:1,0,0,4
BRDA:2,1,0,14
BRDA:6,2,0,3
BRDA:7,3,0,1
BRDA:7,4,0,2
BRDA:9,5,0,11
BRDA:9,6,0,9
BRDA:10,7,0,5
BRDA:10,8,0,4
BRDA:12,9,0,2
BRF:10
BRH:10
end_of_record
