{"/Users/tuhin/Documents/projects/charging-app/backend/controllers/cdr.controller.js": {"path":"/Users/tuhin/Documents/projects/charging-app/backend/controllers/cdr.controller.js","statementMap":{"0":{"start":{"line":6,"column":4},"end":{"line":15,"column":5}},"1":{"start":{"line":7,"column":22},"end":{"line":7,"column":67}},"2":{"start":{"line":8,"column":6},"end":{"line":12,"column":9}},"3":{"start":{"line":14,"column":6},"end":{"line":14,"column":78}},"4":{"start":{"line":18,"column":4},"end":{"line":27,"column":5}},"5":{"start":{"line":19,"column":21},"end":{"line":19,"column":62}},"6":{"start":{"line":20,"column":6},"end":{"line":24,"column":9}},"7":{"start":{"line":26,"column":6},"end":{"line":26,"column":78}},"8":{"start":{"line":30,"column":4},"end":{"line":43,"column":5}},"9":{"start":{"line":31,"column":34},"end":{"line":31,"column":95}},"10":{"start":{"line":32,"column":6},"end":{"line":34,"column":7}},"11":{"start":{"line":33,"column":8},"end":{"line":33,"column":54}},"12":{"start":{"line":35,"column":21},"end":{"line":35,"column":60}},"13":{"start":{"line":36,"column":6},"end":{"line":40,"column":9}},"14":{"start":{"line":42,"column":6},"end":{"line":42,"column":78}}},"fnMap":{"0":{"name":"(anonymous_0)","decl":{"start":{"line":5,"column":14},"end":{"line":5,"column":15}},"loc":{"start":{"line":5,"column":34},"end":{"line":16,"column":3}},"line":5},"1":{"name":"(anonymous_1)","decl":{"start":{"line":17,"column":13},"end":{"line":17,"column":14}},"loc":{"start":{"line":17,"column":33},"end":{"line":28,"column":3}},"line":17},"2":{"name":"(anonymous_2)","decl":{"start":{"line":29,"column":16},"end":{"line":29,"column":17}},"loc":{"start":{"line":29,"column":36},"end":{"line":44,"column":3}},"line":29}},"branchMap":{"0":{"loc":{"start":{"line":32,"column":6},"end":{"line":34,"column":7}},"type":"if","locations":[{"start":{"line":32,"column":6},"end":{"line":34,"column":7}},{"start":{},"end":{}}],"line":32}},"s":{"0":2,"1":2,"2":1,"3":1,"4":2,"5":2,"6":1,"7":1,"8":3,"9":3,"10":2,"11":1,"12":1,"13":1,"14":2},"f":{"0":2,"1":2,"2":3},"b":{"0":[1,1]},"_coverageSchema":"1a1c01bbd47fc00a2c39e90264f33305004495a9","hash":"c48265b93569f40bc2f50e84906bf36e410d5864"}
,"/Users/tuhin/Documents/projects/charging-app/backend/controllers/user.controller.js": {"path":"/Users/tuhin/Documents/projects/charging-app/backend/controllers/user.controller.js","statementMap":{"0":{"start":{"line":7,"column":4},"end":{"line":22,"column":5}},"1":{"start":{"line":8,"column":26},"end":{"line":8,"column":74}},"2":{"start":{"line":9,"column":6},"end":{"line":19,"column":7}},"3":{"start":{"line":9,"column":23},"end":{"line":9,"column":82}},"4":{"start":{"line":11,"column":21},"end":{"line":11,"column":43}},"5":{"start":{"line":12,"column":31},"end":{"line":12,"column":73}},"6":{"start":{"line":13,"column":27},"end":{"line":13,"column":96}},"7":{"start":{"line":14,"column":8},"end":{"line":18,"column":11}},"8":{"start":{"line":21,"column":6},"end":{"line":21,"column":78}},"9":{"start":{"line":25,"column":4},"end":{"line":53,"column":5}},"10":{"start":{"line":26,"column":34},"end":{"line":26,"column":42}},"11":{"start":{"line":27,"column":19},"end":{"line":27,"column":58}},"12":{"start":{"line":29,"column":6},"end":{"line":31,"column":7}},"13":{"start":{"line":30,"column":8},"end":{"line":30,"column":89}},"14":{"start":{"line":33,"column":30},"end":{"line":33,"column":75}},"15":{"start":{"line":35,"column":6},"end":{"line":37,"column":7}},"16":{"start":{"line":36,"column":8},"end":{"line":36,"column":92}},"17":{"start":{"line":39,"column":23},"end":{"line":39,"column":71}},"18":{"start":{"line":41,"column":6},"end":{"line":50,"column":9}},"19":{"start":{"line":52,"column":6},"end":{"line":52,"column":89}}},"fnMap":{"0":{"name":"(anonymous_0)","decl":{"start":{"line":6,"column":14},"end":{"line":6,"column":15}},"loc":{"start":{"line":6,"column":34},"end":{"line":23,"column":3}},"line":6},"1":{"name":"(anonymous_1)","decl":{"start":{"line":24,"column":13},"end":{"line":24,"column":14}},"loc":{"start":{"line":24,"column":33},"end":{"line":54,"column":3}},"line":24}},"branchMap":{"0":{"loc":{"start":{"line":9,"column":6},"end":{"line":19,"column":7}},"type":"if","locations":[{"start":{"line":9,"column":6},"end":{"line":19,"column":7}},{"start":{"line":10,"column":11},"end":{"line":19,"column":7}}],"line":9},"1":{"loc":{"start":{"line":29,"column":6},"end":{"line":31,"column":7}},"type":"if","locations":[{"start":{"line":29,"column":6},"end":{"line":31,"column":7}},{"start":{},"end":{}}],"line":29},"2":{"loc":{"start":{"line":35,"column":6},"end":{"line":37,"column":7}},"type":"if","locations":[{"start":{"line":35,"column":6},"end":{"line":37,"column":7}},{"start":{},"end":{}}],"line":35}},"s":{"0":3,"1":3,"2":2,"3":1,"4":1,"5":1,"6":1,"7":1,"8":2,"9":4,"10":4,"11":4,"12":3,"13":1,"14":2,"15":2,"16":1,"17":1,"18":1,"19":1},"f":{"0":3,"1":4},"b":{"0":[1,1],"1":[1,2],"2":[1,1]},"_coverageSchema":"1a1c01bbd47fc00a2c39e90264f33305004495a9","hash":"19e085f7cb07c016d935bc7f8d0fca05f864299a"}
,"/Users/tuhin/Documents/projects/charging-app/backend/services/cdr.service.js": {"path":"/Users/tuhin/Documents/projects/charging-app/backend/services/cdr.service.js","statementMap":{"0":{"start":{"line":6,"column":4},"end":{"line":10,"column":5}},"1":{"start":{"line":7,"column":6},"end":{"line":7,"column":33}},"2":{"start":{"line":9,"column":6},"end":{"line":9,"column":29}},"3":{"start":{"line":13,"column":4},"end":{"line":17,"column":5}},"4":{"start":{"line":14,"column":6},"end":{"line":14,"column":50}},"5":{"start":{"line":16,"column":6},"end":{"line":16,"column":29}},"6":{"start":{"line":20,"column":4},"end":{"line":25,"column":5}},"7":{"start":{"line":21,"column":22},"end":{"line":21,"column":47}},"8":{"start":{"line":22,"column":6},"end":{"line":22,"column":20}},"9":{"start":{"line":24,"column":6},"end":{"line":24,"column":29}},"10":{"start":{"line":28,"column":4},"end":{"line":39,"column":5}},"11":{"start":{"line":29,"column":27},"end":{"line":32,"column":8}},"12":{"start":{"line":34,"column":6},"end":{"line":34,"column":59}},"13":{"start":{"line":34,"column":24},"end":{"line":34,"column":59}},"14":{"start":{"line":36,"column":6},"end":{"line":36,"column":32}},"15":{"start":{"line":38,"column":6},"end":{"line":38,"column":29}}},"fnMap":{"0":{"name":"(anonymous_0)","decl":{"start":{"line":5,"column":14},"end":{"line":5,"column":15}},"loc":{"start":{"line":5,"column":26},"end":{"line":11,"column":3}},"line":5},"1":{"name":"(anonymous_1)","decl":{"start":{"line":12,"column":13},"end":{"line":12,"column":14}},"loc":{"start":{"line":12,"column":27},"end":{"line":18,"column":3}},"line":12},"2":{"name":"(anonymous_2)","decl":{"start":{"line":19,"column":16},"end":{"line":19,"column":17}},"loc":{"start":{"line":19,"column":35},"end":{"line":26,"column":3}},"line":19},"3":{"name":"(anonymous_3)","decl":{"start":{"line":27,"column":28},"end":{"line":27,"column":29}},"loc":{"start":{"line":27,"column":49},"end":{"line":40,"column":3}},"line":27}},"branchMap":{"0":{"loc":{"start":{"line":34,"column":6},"end":{"line":34,"column":59}},"type":"if","locations":[{"start":{"line":34,"column":6},"end":{"line":34,"column":59}},{"start":{},"end":{}}],"line":34}},"s":{"0":2,"1":2,"2":1,"3":3,"4":3,"5":1,"6":2,"7":2,"8":1,"9":1,"10":2,"11":2,"12":2,"13":1,"14":1,"15":0},"f":{"0":2,"1":3,"2":2,"3":2},"b":{"0":[1,1]},"_coverageSchema":"1a1c01bbd47fc00a2c39e90264f33305004495a9","hash":"e16947abb151571627adfe9b645edef80627e0e4"}
,"/Users/tuhin/Documents/projects/charging-app/backend/services/user.service.js": {"path":"/Users/tuhin/Documents/projects/charging-app/backend/services/user.service.js","statementMap":{"0":{"start":{"line":5,"column":4},"end":{"line":10,"column":5}},"1":{"start":{"line":6,"column":23},"end":{"line":6,"column":46}},"2":{"start":{"line":7,"column":6},"end":{"line":7,"column":21}},"3":{"start":{"line":9,"column":6},"end":{"line":9,"column":29}},"4":{"start":{"line":13,"column":4},"end":{"line":17,"column":5}},"5":{"start":{"line":14,"column":6},"end":{"line":14,"column":54}},"6":{"start":{"line":16,"column":6},"end":{"line":16,"column":29}}},"fnMap":{"0":{"name":"(anonymous_0)","decl":{"start":{"line":4,"column":14},"end":{"line":4,"column":15}},"loc":{"start":{"line":4,"column":30},"end":{"line":11,"column":3}},"line":4},"1":{"name":"(anonymous_1)","decl":{"start":{"line":12,"column":18},"end":{"line":12,"column":19}},"loc":{"start":{"line":12,"column":35},"end":{"line":18,"column":3}},"line":12}},"branchMap":{},"s":{"0":2,"1":2,"2":1,"3":1,"4":3,"5":3,"6":1},"f":{"0":2,"1":3},"b":{},"_coverageSchema":"1a1c01bbd47fc00a2c39e90264f33305004495a9","hash":"8750831dd3bbeb83a6a5d13a029d53f61e6407fb"}
,"/Users/tuhin/Documents/projects/charging-app/backend/utils/validateCDRRecord.js": {"path":"/Users/tuhin/Documents/projects/charging-app/backend/utils/validateCDRRecord.js","statementMap":{"0":{"start":{"line":2,"column":2},"end":{"line":3,"column":17}},"1":{"start":{"line":3,"column":4},"end":{"line":3,"column":17}},"2":{"start":{"line":4,"column":2},"end":{"line":5,"column":17}},"3":{"start":{"line":5,"column":4},"end":{"line":5,"column":17}},"4":{"start":{"line":6,"column":2},"end":{"line":7,"column":19}},"5":{"start":{"line":7,"column":6},"end":{"line":7,"column":19}},"6":{"start":{"line":8,"column":2},"end":{"line":8,"column":14}}},"fnMap":{"0":{"name":"(anonymous_0)","decl":{"start":{"line":1,"column":15},"end":{"line":1,"column":16}},"loc":{"start":{"line":1,"column":55},"end":{"line":9,"column":1}},"line":1}},"branchMap":{"0":{"loc":{"start":{"line":2,"column":2},"end":{"line":3,"column":17}},"type":"if","locations":[{"start":{"line":2,"column":2},"end":{"line":3,"column":17}},{"start":{},"end":{}}],"line":2},"1":{"loc":{"start":{"line":4,"column":2},"end":{"line":5,"column":17}},"type":"if","locations":[{"start":{"line":4,"column":2},"end":{"line":5,"column":17}},{"start":{},"end":{}}],"line":4},"2":{"loc":{"start":{"line":6,"column":2},"end":{"line":7,"column":19}},"type":"if","locations":[{"start":{"line":6,"column":2},"end":{"line":7,"column":19}},{"start":{},"end":{}}],"line":6},"3":{"loc":{"start":{"line":6,"column":5},"end":{"line":6,"column":88}},"type":"binary-expr","locations":[{"start":{"line":6,"column":5},"end":{"line":6,"column":24}},{"start":{"line":6,"column":28},"end":{"line":6,"column":88}}],"line":6}},"s":{"0":4,"1":1,"2":3,"3":1,"4":2,"5":1,"6":1},"f":{"0":4},"b":{"0":[1,3],"1":[1,2],"2":[1,1],"3":[2,1]},"_coverageSchema":"1a1c01bbd47fc00a2c39e90264f33305004495a9","hash":"ec96feb4b584ced5c38b88642662e41adf77158c"}
}
