TN:
SF:controllers/cdr.controller.js
FN:5,(anonymous_0)
FN:17,(anonymous_1)
FN:29,(anonymous_2)
FNF:3
FNH:3
FNDA:2,(anonymous_0)
FNDA:2,(anonymous_1)
FNDA:3,(anonymous_2)
DA:6,2
DA:7,2
DA:8,1
DA:14,1
DA:18,2
DA:19,2
DA:20,1
DA:26,1
DA:30,3
DA:31,3
DA:32,2
DA:33,1
DA:35,1
DA:36,1
DA:42,2
LF:15
LH:15
BRDA:32,0,0,1
BRDA:32,0,1,1
BRF:2
BRH:2
end_of_record
TN:
SF:controllers/user.controller.js
FN:6,(anonymous_0)
FN:24,(anonymous_1)
FNF:2
FNH:2
FNDA:3,(anonymous_0)
FNDA:4,(anonymous_1)
DA:7,3
DA:8,3
DA:9,2
DA:11,1
DA:12,1
DA:13,1
DA:14,1
DA:21,2
DA:25,4
DA:26,4
DA:27,4
DA:29,3
DA:30,1
DA:33,2
DA:35,2
DA:36,1
DA:39,1
DA:41,1
DA:52,1
LF:19
LH:19
BRDA:9,0,0,1
BRDA:9,0,1,1
BRDA:29,1,0,1
BRDA:29,1,1,2
BRDA:35,2,0,1
BRDA:35,2,1,1
BRF:6
BRH:6
end_of_record
TN:
SF:services/cdr.service.js
FN:5,(anonymous_0)
FN:12,(anonymous_1)
FN:19,(anonymous_2)
FN:27,(anonymous_3)
FNF:4
FNH:4
FNDA:2,(anonymous_0)
FNDA:3,(anonymous_1)
FNDA:2,(anonymous_2)
FNDA:2,(anonymous_3)
DA:6,2
DA:7,2
DA:9,1
DA:13,3
DA:14,3
DA:16,1
DA:20,2
DA:21,2
DA:22,1
DA:24,1
DA:28,2
DA:29,2
DA:34,2
DA:36,1
DA:38,0
LF:15
LH:14
BRDA:34,0,0,1
BRDA:34,0,1,1
BRF:2
BRH:2
end_of_record
TN:
SF:services/user.service.js
FN:4,(anonymous_0)
FN:12,(anonymous_1)
FNF:2
FNH:2
FNDA:2,(anonymous_0)
FNDA:3,(anonymous_1)
DA:5,2
DA:6,2
DA:7,1
DA:9,1
DA:13,3
DA:14,3
DA:16,1
LF:7
LH:7
BRF:0
BRH:0
end_of_record
TN:
SF:utils/validateCDRRecord.js
FN:1,(anonymous_0)
FNF:1
FNH:1
FNDA:4,(anonymous_0)
DA:2,4
DA:3,1
DA:4,3
DA:5,1
DA:6,2
DA:7,1
DA:8,1
LF:7
LH:7
BRDA:2,0,0,1
BRDA:2,0,1,3
BRDA:4,1,0,1
BRDA:4,1,1,2
BRDA:6,2,0,1
BRDA:6,2,1,1
BRDA:6,3,0,2
BRDA:6,3,1,1
BRF:8
BRH:8
end_of_record
